{"uuid":"7ded483e-142e-4717-982b-570f3afc9910","historyId":"d5118d5c97733a3cf736c11294a05b19","fullName":"Swag Labs: User logs in with a valid account","labels":[{"name":"tag","value":"smokeTest"},{"name":"tag","value":"Login"},{"name":"host","value":"MyDekstop"},{"name":"thread","value":"10500@MyDekstop.main(1)"},{"name":"feature","value":"Swag Labs"},{"name":"story","value":"User logs in with a valid account"},{"name":"suite","value":"Swag Labs"},{"name":"testClass","value":"User logs in with a valid account"},{"name":"framework","value":"cucumber4jvm"},{"name":"language","value":"java"},{"name":"gherkin_uri","value":"file:///D:/IdeaProjects/Web_Automation_Cucumber_Allure/src/test/java/cucumber/features/swag_labs.feature"},{"name":"package","value":"src.test.java.cucumber.features.swag_labs_feature.Swag Labs"}],"links":[],"name":"User logs in with a valid account","status":"broken","statusDetails":{"known":false,"muted":false,"flaky":false,"message":"Unable to establish websocket connection to http://localhost:60473/devtools/browser/1ecb1ee7-64f4-415c-bce3-76ef582123c5\nBuild info: version: '4.1.2', revision: '9a5a329c5a'\nSystem info: host: 'MYDEKSTOP', ip: '192.168.0.101', os.name: 'Windows 10', os.arch: 'amd64', os.version: '10.0', java.version: '1.8.0_341'\nDriver info: driver.version: ChromeDriver","trace":"org.openqa.selenium.remote.http.ConnectionFailedException: Unable to establish websocket connection to http://localhost:60473/devtools/browser/1ecb1ee7-64f4-415c-bce3-76ef582123c5\nBuild info: version: '4.1.2', revision: '9a5a329c5a'\nSystem info: host: 'MYDEKSTOP', ip: '192.168.0.101', os.name: 'Windows 10', os.arch: 'amd64', os.version: '10.0', java.version: '1.8.0_341'\nDriver info: driver.version: ChromeDriver\r\n\tat org.openqa.selenium.remote.http.netty.NettyWebSocket.<init>(NettyWebSocket.java:104)\r\n\tat org.openqa.selenium.remote.http.netty.NettyWebSocket.lambda$create$3(NettyWebSocket.java:137)\r\n\tat org.openqa.selenium.remote.http.netty.NettyClient.openSocket(NettyClient.java:118)\r\n\tat org.openqa.selenium.devtools.Connection.<init>(Connection.java:77)\r\n\tat org.openqa.selenium.chromium.ChromiumDriver.lambda$new$2(ChromiumDriver.java:124)\r\n\tat java.util.Optional.map(Optional.java:215)\r\n\tat org.openqa.selenium.chromium.ChromiumDriver.<init>(ChromiumDriver.java:122)\r\n\tat org.openqa.selenium.chrome.ChromeDriver.<init>(ChromeDriver.java:106)\r\n\tat org.openqa.selenium.chrome.ChromeDriver.<init>(ChromeDriver.java:93)\r\n\tat org.openqa.selenium.chrome.ChromeDriver.<init>(ChromeDriver.java:82)\r\n\tat helpers.base_screen.browserDriver(base_screen.java:69)\r\n\tat cucumber.steps.jobDetailSteps.userOpenWith(jobDetailSteps.java:35)\r\n\tat ✽.User open \"https://www.saucedemo.com\"(file:///D:/IdeaProjects/Web_Automation_Cucumber_Allure/src/test/java/cucumber/features/swag_labs.feature:5)\r\n"},"stage":"finished","steps":[{"name":"Given  User open \"https://www.saucedemo.com\"","status":"broken","statusDetails":{"known":false,"muted":false,"flaky":false,"message":"Unable to establish websocket connection to http://localhost:60473/devtools/browser/1ecb1ee7-64f4-415c-bce3-76ef582123c5\nBuild info: version: '4.1.2', revision: '9a5a329c5a'\nSystem info: host: 'MYDEKSTOP', ip: '192.168.0.101', os.name: 'Windows 10', os.arch: 'amd64', os.version: '10.0', java.version: '1.8.0_341'\nDriver info: driver.version: ChromeDriver","trace":"org.openqa.selenium.remote.http.ConnectionFailedException: Unable to establish websocket connection to http://localhost:60473/devtools/browser/1ecb1ee7-64f4-415c-bce3-76ef582123c5\nBuild info: version: '4.1.2', revision: '9a5a329c5a'\nSystem info: host: 'MYDEKSTOP', ip: '192.168.0.101', os.name: 'Windows 10', os.arch: 'amd64', os.version: '10.0', java.version: '1.8.0_341'\nDriver info: driver.version: ChromeDriver\r\n\tat org.openqa.selenium.remote.http.netty.NettyWebSocket.<init>(NettyWebSocket.java:104)\r\n\tat org.openqa.selenium.remote.http.netty.NettyWebSocket.lambda$create$3(NettyWebSocket.java:137)\r\n\tat org.openqa.selenium.remote.http.netty.NettyClient.openSocket(NettyClient.java:118)\r\n\tat org.openqa.selenium.devtools.Connection.<init>(Connection.java:77)\r\n\tat org.openqa.selenium.chromium.ChromiumDriver.lambda$new$2(ChromiumDriver.java:124)\r\n\tat java.util.Optional.map(Optional.java:215)\r\n\tat org.openqa.selenium.chromium.ChromiumDriver.<init>(ChromiumDriver.java:122)\r\n\tat org.openqa.selenium.chrome.ChromeDriver.<init>(ChromeDriver.java:106)\r\n\tat org.openqa.selenium.chrome.ChromeDriver.<init>(ChromeDriver.java:93)\r\n\tat org.openqa.selenium.chrome.ChromeDriver.<init>(ChromeDriver.java:82)\r\n\tat helpers.base_screen.browserDriver(base_screen.java:69)\r\n\tat cucumber.steps.jobDetailSteps.userOpenWith(jobDetailSteps.java:35)\r\n\tat ✽.User open \"https://www.saucedemo.com\"(file:///D:/IdeaProjects/Web_Automation_Cucumber_Allure/src/test/java/cucumber/features/swag_labs.feature:5)\r\n"},"stage":"finished","steps":[],"attachments":[],"parameters":[],"start":1688833508841,"stop":1688833515563},{"name":"And  Fill in \"login:usernameField\" with \"user_data:username\"","status":"skipped","statusDetails":{"known":false,"muted":false,"flaky":false},"stage":"finished","steps":[],"attachments":[],"parameters":[],"start":1688833515576,"stop":1688833515582},{"name":"And  Fill in \"login:passwordField\" with \"user_data:password\"","status":"skipped","statusDetails":{"known":false,"muted":false,"flaky":false},"stage":"finished","steps":[],"attachments":[],"parameters":[],"start":1688833515597,"stop":1688833515602},{"name":"And  User click \"login:loginButoon\"","status":"skipped","statusDetails":{"known":false,"muted":false,"flaky":false},"stage":"finished","steps":[],"attachments":[],"parameters":[],"start":1688833515604,"stop":1688833515607},{"name":"And  Wait 2 seconds","status":"skipped","statusDetails":{"known":false,"muted":false,"flaky":false},"stage":"finished","steps":[],"attachments":[],"parameters":[],"start":1688833515614,"stop":1688833515618},{"name":"Then  Element \"home:home_header\" will be displayed","status":"skipped","statusDetails":{"known":false,"muted":false,"flaky":false},"stage":"finished","steps":[],"attachments":[],"parameters":[],"start":1688833515620,"stop":1688833515622},{"name":"Then  User take screenshot with file name \"Homepage\"","status":"skipped","statusDetails":{"known":false,"muted":false,"flaky":false},"stage":"finished","steps":[],"attachments":[],"parameters":[],"start":1688833515624,"stop":1688833515631}],"attachments":[],"parameters":[],"start":1688833508789,"stop":1688833515892}