{"uuid":"9a7bc071-2a83-4a61-af3b-5bb592f0ff14","historyId":"d5118d5c97733a3cf736c11294a05b19","fullName":"Swag Labs: User logs in with a valid account","labels":[{"name":"tag","value":"smokeTest"},{"name":"tag","value":"Login"},{"name":"host","value":"MyDekstop"},{"name":"thread","value":"8016@MyDekstop.main(1)"},{"name":"feature","value":"Swag Labs"},{"name":"story","value":"User logs in with a valid account"},{"name":"suite","value":"Swag Labs"},{"name":"testClass","value":"User logs in with a valid account"},{"name":"framework","value":"cucumber4jvm"},{"name":"language","value":"java"},{"name":"gherkin_uri","value":"file:///D:/IdeaProjects/Web_Automation_Cucumber_Allure/src/test/java/cucumber/features/swag_labs.feature"},{"name":"package","value":"src.test.java.cucumber.features.swag_labs_feature.Swag Labs"}],"links":[],"name":"User logs in with a valid account","status":"broken","statusDetails":{"known":false,"muted":false,"flaky":false,"message":"Unable to establish websocket connection to http://localhost:60206/devtools/browser/d5873fdd-68c8-49f2-a305-548be2d8296f\nBuild info: version: '4.1.2', revision: '9a5a329c5a'\nSystem info: host: 'MYDEKSTOP', ip: '192.168.0.101', os.name: 'Windows 10', os.arch: 'amd64', os.version: '10.0', java.version: '1.8.0_341'\nDriver info: driver.version: ChromeDriver","trace":"org.openqa.selenium.remote.http.ConnectionFailedException: Unable to establish websocket connection to http://localhost:60206/devtools/browser/d5873fdd-68c8-49f2-a305-548be2d8296f\nBuild info: version: '4.1.2', revision: '9a5a329c5a'\nSystem info: host: 'MYDEKSTOP', ip: '192.168.0.101', os.name: 'Windows 10', os.arch: 'amd64', os.version: '10.0', java.version: '1.8.0_341'\nDriver info: driver.version: ChromeDriver\r\n\tat org.openqa.selenium.remote.http.netty.NettyWebSocket.<init>(NettyWebSocket.java:104)\r\n\tat org.openqa.selenium.remote.http.netty.NettyWebSocket.lambda$create$3(NettyWebSocket.java:137)\r\n\tat org.openqa.selenium.remote.http.netty.NettyClient.openSocket(NettyClient.java:118)\r\n\tat org.openqa.selenium.devtools.Connection.<init>(Connection.java:77)\r\n\tat org.openqa.selenium.chromium.ChromiumDriver.lambda$new$2(ChromiumDriver.java:124)\r\n\tat java.util.Optional.map(Optional.java:215)\r\n\tat org.openqa.selenium.chromium.ChromiumDriver.<init>(ChromiumDriver.java:122)\r\n\tat org.openqa.selenium.chrome.ChromeDriver.<init>(ChromeDriver.java:106)\r\n\tat org.openqa.selenium.chrome.ChromeDriver.<init>(ChromeDriver.java:93)\r\n\tat org.openqa.selenium.chrome.ChromeDriver.<init>(ChromeDriver.java:82)\r\n\tat helpers.base_screen.browserDriver(base_screen.java:69)\r\n\tat cucumber.steps.jobDetailSteps.userOpenWith(jobDetailSteps.java:35)\r\n\tat ✽.User open \"https://www.saucedemo.com\"(file:///D:/IdeaProjects/Web_Automation_Cucumber_Allure/src/test/java/cucumber/features/swag_labs.feature:5)\r\n"},"stage":"finished","steps":[{"name":"Given  User open \"https://www.saucedemo.com\"","status":"broken","statusDetails":{"known":false,"muted":false,"flaky":false,"message":"Unable to establish websocket connection to http://localhost:60206/devtools/browser/d5873fdd-68c8-49f2-a305-548be2d8296f\nBuild info: version: '4.1.2', revision: '9a5a329c5a'\nSystem info: host: 'MYDEKSTOP', ip: '192.168.0.101', os.name: 'Windows 10', os.arch: 'amd64', os.version: '10.0', java.version: '1.8.0_341'\nDriver info: driver.version: ChromeDriver","trace":"org.openqa.selenium.remote.http.ConnectionFailedException: Unable to establish websocket connection to http://localhost:60206/devtools/browser/d5873fdd-68c8-49f2-a305-548be2d8296f\nBuild info: version: '4.1.2', revision: '9a5a329c5a'\nSystem info: host: 'MYDEKSTOP', ip: '192.168.0.101', os.name: 'Windows 10', os.arch: 'amd64', os.version: '10.0', java.version: '1.8.0_341'\nDriver info: driver.version: ChromeDriver\r\n\tat org.openqa.selenium.remote.http.netty.NettyWebSocket.<init>(NettyWebSocket.java:104)\r\n\tat org.openqa.selenium.remote.http.netty.NettyWebSocket.lambda$create$3(NettyWebSocket.java:137)\r\n\tat org.openqa.selenium.remote.http.netty.NettyClient.openSocket(NettyClient.java:118)\r\n\tat org.openqa.selenium.devtools.Connection.<init>(Connection.java:77)\r\n\tat org.openqa.selenium.chromium.ChromiumDriver.lambda$new$2(ChromiumDriver.java:124)\r\n\tat java.util.Optional.map(Optional.java:215)\r\n\tat org.openqa.selenium.chromium.ChromiumDriver.<init>(ChromiumDriver.java:122)\r\n\tat org.openqa.selenium.chrome.ChromeDriver.<init>(ChromeDriver.java:106)\r\n\tat org.openqa.selenium.chrome.ChromeDriver.<init>(ChromeDriver.java:93)\r\n\tat org.openqa.selenium.chrome.ChromeDriver.<init>(ChromeDriver.java:82)\r\n\tat helpers.base_screen.browserDriver(base_screen.java:69)\r\n\tat cucumber.steps.jobDetailSteps.userOpenWith(jobDetailSteps.java:35)\r\n\tat ✽.User open \"https://www.saucedemo.com\"(file:///D:/IdeaProjects/Web_Automation_Cucumber_Allure/src/test/java/cucumber/features/swag_labs.feature:5)\r\n"},"stage":"finished","steps":[],"attachments":[],"parameters":[],"start":1688833273423,"stop":1688833282818},{"name":"And  Fill in \"login:usernameField\" with \"user_data:username\"","status":"skipped","statusDetails":{"known":false,"muted":false,"flaky":false},"stage":"finished","steps":[],"attachments":[],"parameters":[],"start":1688833282852,"stop":1688833282856},{"name":"And  Fill in \"login:passwordField\" with \"user_data:password\"","status":"skipped","statusDetails":{"known":false,"muted":false,"flaky":false},"stage":"finished","steps":[],"attachments":[],"parameters":[],"start":1688833282866,"stop":1688833282868},{"name":"And  User click \"login:loginButoon\"","status":"skipped","statusDetails":{"known":false,"muted":false,"flaky":false},"stage":"finished","steps":[],"attachments":[],"parameters":[],"start":1688833282870,"stop":1688833282906},{"name":"And  Wait 2 seconds","status":"skipped","statusDetails":{"known":false,"muted":false,"flaky":false},"stage":"finished","steps":[],"attachments":[],"parameters":[],"start":1688833282907,"stop":1688833282919},{"name":"Then  Element \"home:home_header\" will be displayed","status":"skipped","statusDetails":{"known":false,"muted":false,"flaky":false},"stage":"finished","steps":[],"attachments":[],"parameters":[],"start":1688833282920,"stop":1688833282922},{"name":"Then  User take screenshot with file name \"Homepage\"","status":"skipped","statusDetails":{"known":false,"muted":false,"flaky":false},"stage":"finished","steps":[],"attachments":[],"parameters":[],"start":1688833282934,"stop":1688833282940}],"attachments":[],"parameters":[],"start":1688833273354,"stop":1688833283141}