{"uuid":"af6ce5aa-813a-4e55-9307-a1cbbae092e8","historyId":"d5118d5c97733a3cf736c11294a05b19","fullName":"Swag Labs: User logs in with a valid account","labels":[{"name":"tag","value":"smokeTest"},{"name":"tag","value":"Login"},{"name":"host","value":"MyDekstop"},{"name":"thread","value":"8516@MyDekstop.main(1)"},{"name":"feature","value":"Swag Labs"},{"name":"story","value":"User logs in with a valid account"},{"name":"suite","value":"Swag Labs"},{"name":"testClass","value":"User logs in with a valid account"},{"name":"framework","value":"cucumber4jvm"},{"name":"language","value":"java"},{"name":"gherkin_uri","value":"file:///D:/IdeaProjects/Web_Automation_Cucumber_Allure/src/test/java/cucumber/features/swag_labs.feature"},{"name":"package","value":"src.test.java.cucumber.features.swag_labs_feature.Swag Labs"}],"links":[],"name":"User logs in with a valid account","status":"broken","statusDetails":{"known":false,"muted":false,"flaky":false,"message":"Unable to establish websocket connection to http://localhost:60402/devtools/browser/db2fc53b-2523-4ede-90c4-a5a3935cfc1f\nBuild info: version: '4.1.2', revision: '9a5a329c5a'\nSystem info: host: 'MYDEKSTOP', ip: '192.168.0.101', os.name: 'Windows 10', os.arch: 'amd64', os.version: '10.0', java.version: '1.8.0_341'\nDriver info: driver.version: ChromeDriver","trace":"org.openqa.selenium.remote.http.ConnectionFailedException: Unable to establish websocket connection to http://localhost:60402/devtools/browser/db2fc53b-2523-4ede-90c4-a5a3935cfc1f\nBuild info: version: '4.1.2', revision: '9a5a329c5a'\nSystem info: host: 'MYDEKSTOP', ip: '192.168.0.101', os.name: 'Windows 10', os.arch: 'amd64', os.version: '10.0', java.version: '1.8.0_341'\nDriver info: driver.version: ChromeDriver\r\n\tat org.openqa.selenium.remote.http.netty.NettyWebSocket.<init>(NettyWebSocket.java:104)\r\n\tat org.openqa.selenium.remote.http.netty.NettyWebSocket.lambda$create$3(NettyWebSocket.java:137)\r\n\tat org.openqa.selenium.remote.http.netty.NettyClient.openSocket(NettyClient.java:118)\r\n\tat org.openqa.selenium.devtools.Connection.<init>(Connection.java:77)\r\n\tat org.openqa.selenium.chromium.ChromiumDriver.lambda$new$2(ChromiumDriver.java:124)\r\n\tat java.util.Optional.map(Optional.java:215)\r\n\tat org.openqa.selenium.chromium.ChromiumDriver.<init>(ChromiumDriver.java:122)\r\n\tat org.openqa.selenium.chrome.ChromeDriver.<init>(ChromeDriver.java:106)\r\n\tat org.openqa.selenium.chrome.ChromeDriver.<init>(ChromeDriver.java:93)\r\n\tat org.openqa.selenium.chrome.ChromeDriver.<init>(ChromeDriver.java:82)\r\n\tat helpers.base_screen.browserDriver(base_screen.java:69)\r\n\tat cucumber.steps.jobDetailSteps.userOpenWith(jobDetailSteps.java:35)\r\n\tat ✽.User open \"https://www.saucedemo.com\"(file:///D:/IdeaProjects/Web_Automation_Cucumber_Allure/src/test/java/cucumber/features/swag_labs.feature:5)\r\n"},"stage":"finished","steps":[{"name":"Given  User open \"https://www.saucedemo.com\"","status":"broken","statusDetails":{"known":false,"muted":false,"flaky":false,"message":"Unable to establish websocket connection to http://localhost:60402/devtools/browser/db2fc53b-2523-4ede-90c4-a5a3935cfc1f\nBuild info: version: '4.1.2', revision: '9a5a329c5a'\nSystem info: host: 'MYDEKSTOP', ip: '192.168.0.101', os.name: 'Windows 10', os.arch: 'amd64', os.version: '10.0', java.version: '1.8.0_341'\nDriver info: driver.version: ChromeDriver","trace":"org.openqa.selenium.remote.http.ConnectionFailedException: Unable to establish websocket connection to http://localhost:60402/devtools/browser/db2fc53b-2523-4ede-90c4-a5a3935cfc1f\nBuild info: version: '4.1.2', revision: '9a5a329c5a'\nSystem info: host: 'MYDEKSTOP', ip: '192.168.0.101', os.name: 'Windows 10', os.arch: 'amd64', os.version: '10.0', java.version: '1.8.0_341'\nDriver info: driver.version: ChromeDriver\r\n\tat org.openqa.selenium.remote.http.netty.NettyWebSocket.<init>(NettyWebSocket.java:104)\r\n\tat org.openqa.selenium.remote.http.netty.NettyWebSocket.lambda$create$3(NettyWebSocket.java:137)\r\n\tat org.openqa.selenium.remote.http.netty.NettyClient.openSocket(NettyClient.java:118)\r\n\tat org.openqa.selenium.devtools.Connection.<init>(Connection.java:77)\r\n\tat org.openqa.selenium.chromium.ChromiumDriver.lambda$new$2(ChromiumDriver.java:124)\r\n\tat java.util.Optional.map(Optional.java:215)\r\n\tat org.openqa.selenium.chromium.ChromiumDriver.<init>(ChromiumDriver.java:122)\r\n\tat org.openqa.selenium.chrome.ChromeDriver.<init>(ChromeDriver.java:106)\r\n\tat org.openqa.selenium.chrome.ChromeDriver.<init>(ChromeDriver.java:93)\r\n\tat org.openqa.selenium.chrome.ChromeDriver.<init>(ChromeDriver.java:82)\r\n\tat helpers.base_screen.browserDriver(base_screen.java:69)\r\n\tat cucumber.steps.jobDetailSteps.userOpenWith(jobDetailSteps.java:35)\r\n\tat ✽.User open \"https://www.saucedemo.com\"(file:///D:/IdeaProjects/Web_Automation_Cucumber_Allure/src/test/java/cucumber/features/swag_labs.feature:5)\r\n"},"stage":"finished","steps":[],"attachments":[],"parameters":[],"start":1688833418621,"stop":1688833424806},{"name":"And  Fill in \"login:usernameField\" with \"user_data:username\"","status":"skipped","statusDetails":{"known":false,"muted":false,"flaky":false},"stage":"finished","steps":[],"attachments":[],"parameters":[],"start":1688833424824,"stop":1688833424829},{"name":"And  Fill in \"login:passwordField\" with \"user_data:password\"","status":"skipped","statusDetails":{"known":false,"muted":false,"flaky":false},"stage":"finished","steps":[],"attachments":[],"parameters":[],"start":1688833424838,"stop":1688833424842},{"name":"And  User click \"login:loginButoon\"","status":"skipped","statusDetails":{"known":false,"muted":false,"flaky":false},"stage":"finished","steps":[],"attachments":[],"parameters":[],"start":1688833424844,"stop":1688833424847},{"name":"And  Wait 2 seconds","status":"skipped","statusDetails":{"known":false,"muted":false,"flaky":false},"stage":"finished","steps":[],"attachments":[],"parameters":[],"start":1688833424849,"stop":1688833424851},{"name":"Then  Element \"home:home_header\" will be displayed","status":"skipped","statusDetails":{"known":false,"muted":false,"flaky":false},"stage":"finished","steps":[],"attachments":[],"parameters":[],"start":1688833424854,"stop":1688833424856},{"name":"Then  User take screenshot with file name \"Homepage\"","status":"skipped","statusDetails":{"known":false,"muted":false,"flaky":false},"stage":"finished","steps":[],"attachments":[],"parameters":[],"start":1688833424859,"stop":1688833424863}],"attachments":[],"parameters":[],"start":1688833418576,"stop":1688833424966}